#
# There is insufficient memory for the Java Runtime Environment to continue.
# Native memory allocation (malloc) failed to allocate 32744 bytes for ChunkPool::allocate
# Possible reasons:
#   The system is out of physical RAM or swap space
#   The process is running with CompressedOops enabled, and the Java Heap may be blocking the growth of the native heap
# Possible solutions:
#   Reduce memory load on the system
#   Increase physical memory or swap space
#   Check if swap backing store is full
#   Decrease Java heap size (-Xmx/-Xms)
#   Decrease number of Java threads
#   Decrease Java thread stack sizes (-Xss)
#   Set larger code cache with -XX:ReservedCodeCacheSize=
#   JVM is running with Unscaled Compressed Oops mode in which the Java heap is
#     placed in the first 4GB address space. The Java Heap base address is the
#     maximum limit for the native heap growth. Please use -XX:HeapBaseMinAddress
#     to set the Java Heap base and to place the Java Heap above 4GB virtual address.
# This output file may be truncated or incomplete.
#
#  Out of Memory Error (allocation.cpp:272), pid=23904, tid=0x000000000000345c
#
# JRE version: OpenJDK Runtime Environment (8.0_242-b01) (build 1.8.0_242-release-1644-b01)
# Java VM: OpenJDK 64-Bit Server VM (25.242-b01 mixed mode windows-amd64 compressed oops)
# Failed to write core dump. Minidumps are not enabled by default on client versions of Windows
#

---------------  T H R E A D  ---------------

Current thread (0x00000000168ea000):  JavaThread "C2 CompilerThread0" daemon [_thread_in_native, id=13404, stack(0x00000000181e0000,0x00000000182e0000)]

Stack: [0x00000000181e0000,0x00000000182e0000]
[error occurred during error reporting (printing stack bounds), id 0xc0000005]

Native frames: (J=compiled Java code, j=interpreted, Vv=VM code, C=native code)


Current CompileTask:
C2:  27162 2190   !   4       java.net.URLClassLoader$1::run (63 bytes)


---------------  P R O C E S S  ---------------

Java Threads: ( => current thread )
  0x0000000018e93000 JavaThread "Cache worker for Artifact transforms cache (D:\caches\transforms-1)" [_thread_blocked, id=26332, stack(0x000000001fba0000,0x000000001fca0000)]
  0x0000000018e92800 JavaThread "Cache worker for cache directory md-rule (D:\caches\4.10.1\md-rule)" [_thread_blocked, id=1808, stack(0x000000001e400000,0x000000001e500000)]
  0x0000000018e90000 JavaThread "Cache worker for cache directory md-supplier (D:\caches\4.10.1\md-supplier)" [_thread_blocked, id=19100, stack(0x000000001e0d0000,0x000000001e1d0000)]
  0x0000000018e8e000 JavaThread "Cache worker for journal cache (D:\caches\journal-1)" [_thread_blocked, id=23268, stack(0x000000001ddd0000,0x000000001ded0000)]
  0x0000000018e8e800 JavaThread "Cache worker for file hash cache (C:\Users\Administrator\Desktop\Code\tflite-mnist-android-master\tflite-mnist-android-master\android\.gradle\4.10.1\fileHashes)" [_thread_blocked, id=9584, stack(0x000000001dcd0000,0x000000001ddd0000)]
  0x000000001b646800 JavaThread "File lock request listener" [_thread_in_native, id=23316, stack(0x000000001dbd0000,0x000000001dcd0000)]
  0x0000000018bcb000 JavaThread "Cache worker for file hash cache (D:\caches\4.10.1\fileHashes)" [_thread_blocked, id=23996, stack(0x000000001dad0000,0x000000001dbd0000)]
  0x0000000018cb3000 JavaThread "Stdin handler" [_thread_blocked, id=25516, stack(0x000000001aa60000,0x000000001ab60000)]
  0x0000000018cbf800 JavaThread "Asynchronous log dispatcher for DefaultDaemonConnection: socket connection from /127.0.0.1:65414 to /127.0.0.1:65415" [_thread_blocked, id=16860, stack(0x000000001a960000,0x000000001aa60000)]
  0x0000000018cb0000 JavaThread "Daemon worker" [_thread_in_native, id=27228, stack(0x000000001a860000,0x000000001a960000)]
  0x0000000018cad000 JavaThread "Cancel handler" [_thread_blocked, id=27376, stack(0x000000001a760000,0x000000001a860000)]
  0x0000000017f0d800 JavaThread "Handler for socket connection from /127.0.0.1:65414 to /127.0.0.1:65415" [_thread_in_native, id=26212, stack(0x000000001a460000,0x000000001a560000)]
  0x0000000017f0c800 JavaThread "Daemon" [_thread_blocked, id=9168, stack(0x000000001a360000,0x000000001a460000)]
  0x0000000019baf800 JavaThread "Daemon periodic checks" [_thread_blocked, id=19764, stack(0x000000001a260000,0x000000001a360000)]
  0x0000000018a59800 JavaThread "Incoming local TCP Connector on port 65414" [_thread_in_native, id=18520, stack(0x000000001a0b0000,0x000000001a1b0000)]
  0x0000000017c65000 JavaThread "Service Thread" daemon [_thread_blocked, id=8156, stack(0x00000000184e0000,0x00000000185e0000)]
  0x0000000017c08000 JavaThread "C1 CompilerThread2" daemon [_thread_blocked, id=11412, stack(0x00000000183e0000,0x00000000184e0000)]
  0x00000000168ed000 JavaThread "C2 CompilerThread1" daemon [_thread_in_native, id=11404, stack(0x00000000182e0000,0x00000000183e0000)]
=>0x00000000168ea000 JavaThread "C2 CompilerThread0" daemon [_thread_in_native, id=13404, stack(0x00000000181e0000,0x00000000182e0000)]
  0x00000000168e9800 JavaThread "Attach Listener" daemon [_thread_blocked, id=17100, stack(0x00000000180e0000,0x00000000181e0000)]
  0x0000000017be8800 JavaThread "Signal Dispatcher" daemon [_thread_blocked, id=22404, stack(0x0000000017fe0000,0x00000000180e0000)]
  0x0000000002f1b000 JavaThread "Finalizer" daemon [_thread_blocked, id=7164, stack(0x0000000017ae0000,0x0000000017be0000)]
  0x0000000002f11000 JavaThread "Reference Handler" daemon [_thread_blocked, id=11136, stack(0x00000000179e0000,0x0000000017ae0000)]
  0x000000000113d800 JavaThread "main" [_thread_blocked, id=23240, stack(0x0000000002930000,0x0000000002a30000)]

Other Threads:
  0x0000000016856800 VMThread [stack: 0x00000000178e0000,0x00000000179e0000] [id=4928]
  0x0000000017c68800 WatcherThread [stack: 0x00000000185e0000,0x00000000186e0000] [id=25500]

VM state:not at safepoint (normal execution)

VM Mutex/Monitor currently owned by a thread: None

heap address: 0x00000000a0000000, size: 1536 MB, Compressed Oops mode: 32-bit
Narrow klass base: 0x0000000000000000, Narrow klass shift: 3
Compressed class space size: 1073741824 Address: 0x0000000100000000

Heap:
 PSYoungGen      total 72192K, used 42325K [0x00000000e0000000, 0x00000000e8f00000, 0x0000000100000000)
  eden space 64512K, 65% used [0x00000000e0000000,0x00000000e2955630,0x00000000e3f00000)
  from space 7680K, 0% used [0x00000000e3f00000,0x00000000e3f00000,0x00000000e4680000)
  to   space 8704K, 0% used [0x00000000e8680000,0x00000000e8680000,0x00000000e8f00000)
 ParOldGen       total 34816K, used 9903K [0x00000000a0000000, 0x00000000a2200000, 0x00000000e0000000)
  object space 34816K, 28% used [0x00000000a0000000,0x00000000a09abc18,0x00000000a2200000)
 Metaspace       used 25442K, capacity 26006K, committed 26288K, reserved 1071104K
  class space    used 3512K, capacity 3714K, committed 3760K, reserved 1048576K

Card table byte_map: [0x00000000122e0000,0x00000000125f0000] byte_map_base: 0x0000000011de0000

Marking Bits: (ParMarkBitMap*) 0x000000005f3bf030
 Begin Bits: [0x0000000012bf0000, 0x00000000143f0000)
 End Bits:   [0x00000000143f0000, 0x0000000015bf0000)

Polling page: 0x0000000000b40000

CodeCache: size=245760Kb used=7684Kb max_used=7684Kb free=238075Kb
 bounds [0x0000000002f20000, 0x00000000036b0000, 0x0000000011f20000]
 total_blobs=2655 nmethods=2004 adapters=564
 compilation: enabled

Compilation events (10 events):
Event: 27.141 Thread 0x0000000017c08000 2213       3       org.objectweb.asm.Frame::accept (264 bytes)
Event: 27.143 Thread 0x0000000017c08000 nmethod 2213 0x00000000036a2a90 code [0x00000000036a2c80, 0x00000000036a37b8]
Event: 27.143 Thread 0x0000000017c08000 2214       3       org.objectweb.asm.MethodWriter::endCurrentBasicBlockWithNoSuccessor (94 bytes)
Event: 27.143 Thread 0x0000000017c08000 nmethod 2214 0x00000000036a3dd0 code [0x00000000036a3f60, 0x00000000036a4508]
Event: 27.143 Thread 0x0000000017c08000 2215       3       org.objectweb.asm.Type::getType (122 bytes)
Event: 27.144 Thread 0x0000000017c08000 nmethod 2215 0x00000000036a4750 code [0x00000000036a4980, 0x00000000036a5548]
Event: 27.144 Thread 0x0000000017c08000 2216       3       org.objectweb.asm.Type::getDescriptor (18 bytes)
Event: 27.145 Thread 0x0000000017c08000 nmethod 2216 0x00000000036a5990 code [0x00000000036a5b20, 0x00000000036a6018]
Event: 27.148 Thread 0x0000000017c08000 2217       3       org.objectweb.asm.Handler::getExceptionTableSize (10 bytes)
Event: 27.148 Thread 0x0000000017c08000 nmethod 2217 0x00000000036a6250 code [0x00000000036a63c0, 0x00000000036a6610]

GC Heap History (10 events):
Event: 3.401 GC heap before
{Heap before GC invocations=4 (full 0):
 PSYoungGen      total 18944K, used 18920K [0x00000000e0000000, 0x00000000e2500000, 0x0000000100000000)
  eden space 16384K, 100% used [0x00000000e0000000,0x00000000e1000000,0x00000000e1000000)
  from space 2560K, 99% used [0x00000000e1000000,0x00000000e127a040,0x00000000e1280000)
  to   space 2560K, 0% used [0x00000000e2280000,0x00000000e2280000,0x00000000e2500000)
 ParOldGen       total 44032K, used 1504K [0x00000000a0000000, 0x00000000a2b00000, 0x00000000e0000000)
  object space 44032K, 3% used [0x00000000a0000000,0x00000000a0178258,0x00000000a2b00000)
 Metaspace       used 9503K, capacity 9818K, committed 10112K, reserved 1058816K
  class space    used 1264K, capacity 1361K, committed 1408K, reserved 1048576K
Event: 3.408 GC heap after
Heap after GC invocations=4 (full 0):
 PSYoungGen      total 35328K, used 2536K [0x00000000e0000000, 0x00000000e2500000, 0x0000000100000000)
  eden space 32768K, 0% used [0x00000000e0000000,0x00000000e0000000,0x00000000e2000000)
  from space 2560K, 99% used [0x00000000e2280000,0x00000000e24fa040,0x00000000e2500000)
  to   space 2560K, 0% used [0x00000000e2000000,0x00000000e2000000,0x00000000e2280000)
 ParOldGen       total 44032K, used 3489K [0x00000000a0000000, 0x00000000a2b00000, 0x00000000e0000000)
  object space 44032K, 7% used [0x00000000a0000000,0x00000000a0368470,0x00000000a2b00000)
 Metaspace       used 9503K, capacity 9818K, committed 10112K, reserved 1058816K
  class space    used 1264K, capacity 1361K, committed 1408K, reserved 1048576K
}
Event: 16.347 GC heap before
{Heap before GC invocations=5 (full 0):
 PSYoungGen      total 35328K, used 35304K [0x00000000e0000000, 0x00000000e2500000, 0x0000000100000000)
  eden space 32768K, 100% used [0x00000000e0000000,0x00000000e2000000,0x00000000e2000000)
  from space 2560K, 99% used [0x00000000e2280000,0x00000000e24fa040,0x00000000e2500000)
  to   space 2560K, 0% used [0x00000000e2000000,0x00000000e2000000,0x00000000e2280000)
 ParOldGen       total 44032K, used 3489K [0x00000000a0000000, 0x00000000a2b00000, 0x00000000e0000000)
  object space 44032K, 7% used [0x00000000a0000000,0x00000000a0368470,0x00000000a2b00000)
 Metaspace       used 13772K, capacity 14170K, committed 14464K, reserved 1060864K
  class space    used 1916K, capacity 2067K, committed 2176K, reserved 1048576K
Event: 16.369 GC heap after
Heap after GC invocations=5 (full 0):
 PSYoungGen      total 35328K, used 2552K [0x00000000e0000000, 0x00000000e4d00000, 0x0000000100000000)
  eden space 32768K, 0% used [0x00000000e0000000,0x00000000e0000000,0x00000000e2000000)
  from space 2560K, 99% used [0x00000000e2000000,0x00000000e227e030,0x00000000e2280000)
  to   space 6656K, 0% used [0x00000000e4680000,0x00000000e4680000,0x00000000e4d00000)
 ParOldGen       total 44032K, used 7480K [0x00000000a0000000, 0x00000000a2b00000, 0x00000000e0000000)
  object space 44032K, 16% used [0x00000000a0000000,0x00000000a074e020,0x00000000a2b00000)
 Metaspace       used 13772K, capacity 14170K, committed 14464K, reserved 1060864K
  class space    used 1916K, capacity 2067K, committed 2176K, reserved 1048576K
}
Event: 20.623 GC heap before
{Heap before GC invocations=6 (full 0):
 PSYoungGen      total 35328K, used 35320K [0x00000000e0000000, 0x00000000e4d00000, 0x0000000100000000)
  eden space 32768K, 100% used [0x00000000e0000000,0x00000000e2000000,0x00000000e2000000)
  from space 2560K, 99% used [0x00000000e2000000,0x00000000e227e030,0x00000000e2280000)
  to   space 6656K, 0% used [0x00000000e4680000,0x00000000e4680000,0x00000000e4d00000)
 ParOldGen       total 44032K, used 7480K [0x00000000a0000000, 0x00000000a2b00000, 0x00000000e0000000)
  object space 44032K, 16% used [0x00000000a0000000,0x00000000a074e020,0x00000000a2b00000)
 Metaspace       used 16699K, capacity 17064K, committed 17152K, reserved 1064960K
  class space    used 2386K, capacity 2524K, committed 2560K, reserved 1048576K
Event: 20.744 GC heap after
Heap after GC invocations=6 (full 0):
 PSYoungGen      total 71168K, used 6365K [0x00000000e0000000, 0x00000000e4f00000, 0x0000000100000000)
  eden space 64512K, 0% used [0x00000000e0000000,0x00000000e0000000,0x00000000e3f00000)
  from space 6656K, 95% used [0x00000000e4680000,0x00000000e4cb7508,0x00000000e4d00000)
  to   space 7680K, 0% used [0x00000000e3f00000,0x00000000e3f00000,0x00000000e4680000)
 ParOldGen       total 44032K, used 7488K [0x00000000a0000000, 0x00000000a2b00000, 0x00000000e0000000)
  object space 44032K, 17% used [0x00000000a0000000,0x00000000a0750020,0x00000000a2b00000)
 Metaspace       used 16699K, capacity 17064K, committed 17152K, reserved 1064960K
  class space    used 2386K, capacity 2524K, committed 2560K, reserved 1048576K
}
Event: 24.595 GC heap before
{Heap before GC invocations=7 (full 0):
 PSYoungGen      total 71168K, used 41754K [0x00000000e0000000, 0x00000000e4f00000, 0x0000000100000000)
  eden space 64512K, 54% used [0x00000000e0000000,0x00000000e228f510,0x00000000e3f00000)
  from space 6656K, 95% used [0x00000000e4680000,0x00000000e4cb7508,0x00000000e4d00000)
  to   space 7680K, 0% used [0x00000000e3f00000,0x00000000e3f00000,0x00000000e4680000)
 ParOldGen       total 44032K, used 7488K [0x00000000a0000000, 0x00000000a2b00000, 0x00000000e0000000)
  object space 44032K, 17% used [0x00000000a0000000,0x00000000a0750020,0x00000000a2b00000)
 Metaspace       used 20714K, capacity 21272K, committed 21296K, reserved 1067008K
  class space    used 2909K, capacity 3097K, committed 3120K, reserved 1048576K
Event: 24.620 GC heap after
Heap after GC invocations=7 (full 0):
 PSYoungGen      total 72192K, used 7212K [0x00000000e0000000, 0x00000000e8f00000, 0x0000000100000000)
  eden space 64512K, 0% used [0x00000000e0000000,0x00000000e0000000,0x00000000e3f00000)
  from space 7680K, 93% used [0x00000000e3f00000,0x00000000e460b3d8,0x00000000e4680000)
  to   space 8704K, 0% used [0x00000000e8680000,0x00000000e8680000,0x00000000e8f00000)
 ParOldGen       total 44032K, used 8395K [0x00000000a0000000, 0x00000000a2b00000, 0x00000000e0000000)
  object space 44032K, 19% used [0x00000000a0000000,0x00000000a0832f60,0x00000000a2b00000)
 Metaspace       used 20714K, capacity 21272K, committed 21296K, reserved 1067008K
  class space    used 2909K, capacity 3097K, committed 3120K, reserved 1048576K
}
Event: 24.620 GC heap before
{Heap before GC invocations=8 (full 1):
 PSYoungGen      total 72192K, used 7212K [0x00000000e0000000, 0x00000000e8f00000, 0x0000000100000000)
  eden space 64512K, 0% used [0x00000000e0000000,0x00000000e0000000,0x00000000e3f00000)
  from space 7680K, 93% used [0x00000000e3f00000,0x00000000e460b3d8,0x00000000e4680000)
  to   space 8704K, 0% used [0x00000000e8680000,0x00000000e8680000,0x00000000e8f00000)
 ParOldGen       total 44032K, used 8395K [0x00000000a0000000, 0x00000000a2b00000, 0x00000000e0000000)
  object space 44032K, 19% used [0x00000000a0000000,0x00000000a0832f60,0x00000000a2b00000)
 Metaspace       used 20714K, capacity 21272K, committed 21296K, reserved 1067008K
  class space    used 2909K, capacity 3097K, committed 3120K, reserved 1048576K
Event: 24.737 GC heap after
Heap after GC invocations=8 (full 1):
 PSYoungGen      total 72192K, used 0K [0x00000000e0000000, 0x00000000e8f00000, 0x0000000100000000)
  eden space 64512K, 0% used [0x00000000e0000000,0x00000000e0000000,0x00000000e3f00000)
  from space 7680K, 0% used [0x00000000e3f00000,0x00000000e3f00000,0x00000000e4680000)
  to   space 8704K, 0% used [0x00000000e8680000,0x00000000e8680000,0x00000000e8f00000)
 ParOldGen       total 34816K, used 9903K [0x00000000a0000000, 0x00000000a2200000, 0x00000000e0000000)
  object space 34816K, 28% used [0x00000000a0000000,0x00000000a09abc18,0x00000000a2200000)
 Metaspace       used 20714K, capacity 21272K, committed 21296K, reserved 1067008K
  class space    used 2909K, capacity 3097K, committed 3120K, reserved 1048576K
}

Deoptimization events (10 events):
Event: 23.892 Thread 0x0000000018cb0000 Uncommon trap: reason=class_check action=maybe_recompile pc=0x00000000030b1a68 method=java.lang.String.equals(Ljava/lang/Object;)Z @ 8
Event: 23.892 Thread 0x0000000018cb0000 Uncommon trap: reason=class_check action=maybe_recompile pc=0x00000000030b1a68 method=java.lang.String.equals(Ljava/lang/Object;)Z @ 8
Event: 24.110 Thread 0x0000000018cb0000 Uncommon trap: reason=class_check action=maybe_recompile pc=0x0000000003112778 method=sun.misc.URLClassPath.getLoader(I)Lsun/misc/URLClassPath$Loader; @ 94
Event: 24.110 Thread 0x0000000018cb0000 Uncommon trap: reason=class_check action=maybe_recompile pc=0x000000000325acac method=sun.misc.URLClassPath.getResource(Ljava/lang/String;Z)Lsun/misc/Resource; @ 62
Event: 24.110 Thread 0x0000000018cb0000 Uncommon trap: reason=unstable_if action=reinterpret pc=0x0000000003425568 method=java.lang.String.regionMatches(ZILjava/lang/String;II)Z @ 41
Event: 24.113 Thread 0x0000000018cb0000 Uncommon trap: reason=unstable_if action=reinterpret pc=0x000000000304aa4c method=java.lang.ClassLoader.getClassLoadingLock(Ljava/lang/String;)Ljava/lang/Object; @ 6
Event: 26.160 Thread 0x0000000018cb0000 Uncommon trap: reason=unstable_if action=reinterpret pc=0x000000000340c8a8 method=java.util.HashMap.hash(Ljava/lang/Object;)I @ 1
Event: 26.201 Thread 0x0000000018cb0000 Uncommon trap: reason=unstable_if action=reinterpret pc=0x00000000031aea68 method=java.util.HashMap.hash(Ljava/lang/Object;)I @ 1
Event: 26.367 Thread 0x0000000018cb0000 Uncommon trap: reason=unstable_if action=reinterpret pc=0x00000000031bcfc0 method=java.io.WinNTFileSystem.resolve(Ljava/lang/String;Ljava/lang/String;)Ljava/lang/String; @ 49
Event: 26.422 Thread 0x0000000018cb0000 Uncommon trap: reason=unstable_if action=reinterpret pc=0x00000000031ee630 method=java.util.LinkedHashMap.afterNodeInsertion(Z)V @ 1

Classes redefined (0 events):
No events

Internal exceptions (10 events):
Event: 25.736 Thread 0x0000000018cb0000 Exception <a 'java/lang/ClassNotFoundException': groovy/lang/Closure$1BeanInfo> (0x00000000e0b62e58) thrown at [C:\src\AOSP-openjdk-git\hotspot\src\share\vm\classfile\systemDictionary.cpp, line 210]
Event: 25.738 Thread 0x0000000018cb0000 Exception <a 'java/lang/ClassNotFoundException': groovy/lang/ClosureBeanInfo> (0x00000000e0b85148) thrown at [C:\src\AOSP-openjdk-git\hotspot\src\share\vm\classfile\systemDictionary.cpp, line 210]
Event: 25.740 Thread 0x0000000018cb0000 Exception <a 'java/lang/ClassNotFoundException': groovy/lang/ClosureCustomizer> (0x00000000e0ba7c20) thrown at [C:\src\AOSP-openjdk-git\hotspot\src\share\vm\classfile\systemDictionary.cpp, line 210]
Event: 25.759 Thread 0x0000000018cb0000 Exception <a 'java/lang/ClassNotFoundException': groovy/lang/Closure$1Customizer> (0x00000000e0bf5d10) thrown at [C:\src\AOSP-openjdk-git\hotspot\src\share\vm\classfile\systemDictionary.cpp, line 210]
Event: 26.033 Thread 0x0000000018cb0000 Exception <a 'java/lang/ClassNotFoundException': org/gradle/internal/metaobject/ConfigureDelegateBeanInfo> (0x00000000e11bed80) thrown at [C:\src\AOSP-openjdk-git\hotspot\src\share\vm\classfile\systemDictionary.cpp, line 210]
Event: 26.036 Thread 0x0000000018cb0000 Exception <a 'java/lang/ClassNotFoundException': org/gradle/internal/metaobject/ConfigureDelegateCustomizer> (0x00000000e11e8078) thrown at [C:\src\AOSP-openjdk-git\hotspot\src\share\vm\classfile\systemDictionary.cpp, line 210]
Event: 26.055 Thread 0x0000000018cb0000 Exception <a 'java/lang/ClassNotFoundException': org/gradle/api/internal/initialization/DefaultScriptHandlerBeanInfo> (0x00000000e126b2a8) thrown at [C:\src\AOSP-openjdk-git\hotspot\src\share\vm\classfile\systemDictionary.cpp, line 210]
Event: 26.056 Thread 0x0000000018cb0000 Exception <a 'java/lang/ClassNotFoundException': org/gradle/api/internal/initialization/DefaultScriptHandlerCustomizer> (0x00000000e129b108) thrown at [C:\src\AOSP-openjdk-git\hotspot\src\share\vm\classfile\systemDictionary.cpp, line 210]
Event: 26.160 Thread 0x0000000018cb0000 Implicit null exception at 0x000000000340c695 to 0x000000000340c899
Event: 26.201 Thread 0x0000000018cb0000 Implicit null exception at 0x00000000031ae9ef to 0x00000000031aea59

Events (10 events):
Event: 27.041 loading class org/gradle/api/artifacts/UnknownConfigurationException done
Event: 27.153 loading class org/gradle/api/artifacts/Configuration$Namer
Event: 27.153 loading class org/gradle/api/artifacts/Configuration$Namer done
Event: 27.154 loading class org/gradle/api/internal/collections/SortedSetElementSource
Event: 27.154 loading class org/gradle/api/internal/collections/SortedSetElementSource done
Event: 27.154 loading class org/gradle/api/Namer$Comparator
Event: 27.154 loading class org/gradle/api/Namer$Comparator done
Event: 27.156 loading class org/gradle/api/internal/collections/DefaultPendingSource
Event: 27.156 loading class org/gradle/api/internal/collections/DefaultPendingSource done
Event: 27.157 loading class java/util/TreeSet


Dynamic libraries:
0x00007ff6f7210000 - 0x00007ff6f7241000 	D:\android studio\jre\bin\java.exe
0x00007ffbdcfc0000 - 0x00007ffbdd1b0000 	C:\WINDOWS\SYSTEM32\ntdll.dll
0x00007ffbdce50000 - 0x00007ffbdcf02000 	C:\WINDOWS\System32\KERNEL32.DLL
0x00007ffbd9fe0000 - 0x00007ffbda284000 	C:\WINDOWS\System32\KERNELBASE.dll
0x00007ffbdc5e0000 - 0x00007ffbdc683000 	C:\WINDOWS\System32\ADVAPI32.dll
0x00007ffbdb3b0000 - 0x00007ffbdb44e000 	C:\WINDOWS\System32\msvcrt.dll
0x00007ffbdc190000 - 0x00007ffbdc227000 	C:\WINDOWS\System32\sechost.dll
0x00007ffbdc770000 - 0x00007ffbdc890000 	C:\WINDOWS\System32\RPCRT4.dll
0x00007ffbdccb0000 - 0x00007ffbdce44000 	C:\WINDOWS\System32\USER32.dll
0x00007ffbda530000 - 0x00007ffbda551000 	C:\WINDOWS\System32\win32u.dll
0x00007ffbdcc80000 - 0x00007ffbdcca6000 	C:\WINDOWS\System32\GDI32.dll
0x00007ffbdaed0000 - 0x00007ffbdb064000 	C:\WINDOWS\System32\gdi32full.dll
0x00007ffbdad80000 - 0x00007ffbdae1e000 	C:\WINDOWS\System32\msvcp_win.dll
0x00007ffbda290000 - 0x00007ffbda38a000 	C:\WINDOWS\System32\ucrtbase.dll
0x00007ffbca940000 - 0x00007ffbcabc4000 	C:\WINDOWS\WinSxS\amd64_microsoft.windows.common-controls_6595b64144ccf1df_6.0.18362.836_none_e6c4b943130f18ed\COMCTL32.dll
0x00007ffbdb070000 - 0x00007ffbdb3a6000 	C:\WINDOWS\System32\combase.dll
0x00007ffbda580000 - 0x00007ffbda600000 	C:\WINDOWS\System32\bcryptPrimitives.dll
0x00007ffbdbbd0000 - 0x00007ffbdbbfe000 	C:\WINDOWS\System32\IMM32.DLL
0x000000005eb10000 - 0x000000005ebe2000 	D:\android studio\jre\jre\bin\msvcr100.dll
0x000000005ebf0000 - 0x000000005f43b000 	D:\android studio\jre\jre\bin\server\jvm.dll
0x00007ffbdcf70000 - 0x00007ffbdcf78000 	C:\WINDOWS\System32\PSAPI.DLL
0x00007ffbd7f10000 - 0x00007ffbd7f34000 	C:\WINDOWS\SYSTEM32\WINMM.dll
0x00007ffbccac0000 - 0x00007ffbccaca000 	C:\WINDOWS\SYSTEM32\VERSION.dll
0x00007ffbd7db0000 - 0x00007ffbd7ddd000 	C:\WINDOWS\SYSTEM32\winmmbase.dll
0x00007ffbda4e0000 - 0x00007ffbda52a000 	C:\WINDOWS\System32\cfgmgr32.dll
0x00007ffbc0240000 - 0x00007ffbc0249000 	C:\WINDOWS\SYSTEM32\WSOCK32.dll
0x00007ffbdbc00000 - 0x00007ffbdbc6f000 	C:\WINDOWS\System32\ws2_32.DLL
0x00007ffbd5db0000 - 0x00007ffbd5dbf000 	D:\android studio\jre\jre\bin\verify.dll
0x00007ffbc9d60000 - 0x00007ffbc9d89000 	D:\android studio\jre\jre\bin\java.dll
0x00007ffbcb710000 - 0x00007ffbcb726000 	D:\android studio\jre\jre\bin\zip.dll
0x00007ffbdb470000 - 0x00007ffbdbb54000 	C:\WINDOWS\System32\SHELL32.dll
0x00007ffbdc3f0000 - 0x00007ffbdc499000 	C:\WINDOWS\System32\shcore.dll
0x00007ffbda600000 - 0x00007ffbdad7e000 	C:\WINDOWS\System32\windows.storage.dll
0x00007ffbd9f20000 - 0x00007ffbd9f43000 	C:\WINDOWS\System32\profapi.dll
0x00007ffbd9ed0000 - 0x00007ffbd9f1a000 	C:\WINDOWS\System32\powrprof.dll
0x00007ffbd9e80000 - 0x00007ffbd9e90000 	C:\WINDOWS\System32\UMPDC.dll
0x00007ffbdbb70000 - 0x00007ffbdbbc2000 	C:\WINDOWS\System32\shlwapi.dll
0x00007ffbd9eb0000 - 0x00007ffbd9ec1000 	C:\WINDOWS\System32\kernel.appcore.dll
0x00007ffbda560000 - 0x00007ffbda577000 	C:\WINDOWS\System32\cryptsp.dll
0x00007ffbcb690000 - 0x00007ffbcb6aa000 	D:\android studio\jre\jre\bin\net.dll
0x00007ffbd96f0000 - 0x00007ffbd9757000 	C:\WINDOWS\system32\mswsock.dll
0x00007ffbcb240000 - 0x00007ffbcb253000 	D:\android studio\jre\jre\bin\nio.dll
0x00007ffbd3410000 - 0x00007ffbd342e000 	D:\native\25\windows-amd64\native-platform.dll
0x00007ffbd4dd0000 - 0x00007ffbd4ddd000 	D:\android studio\jre\jre\bin\management.dll
0x00007ffbd9260000 - 0x00007ffbd9293000 	C:\WINDOWS\system32\rsaenh.dll
0x00007ffbd9fb0000 - 0x00007ffbd9fd6000 	C:\WINDOWS\System32\bcrypt.dll
0x00007ffbd9da0000 - 0x00007ffbd9dc5000 	C:\WINDOWS\SYSTEM32\USERENV.dll
0x00007ffbd98c0000 - 0x00007ffbd98cc000 	C:\WINDOWS\SYSTEM32\CRYPTBASE.dll
0x00007ffbd9400000 - 0x00007ffbd943a000 	C:\WINDOWS\SYSTEM32\IPHLPAPI.DLL
0x00007ffbdbb60000 - 0x00007ffbdbb68000 	C:\WINDOWS\System32\NSI.dll
0x00007ffbd2490000 - 0x00007ffbd24a6000 	C:\WINDOWS\SYSTEM32\dhcpcsvc6.DLL
0x00007ffbd2410000 - 0x00007ffbd242c000 	C:\WINDOWS\SYSTEM32\dhcpcsvc.DLL
0x00007ffbd9440000 - 0x00007ffbd950b000 	C:\WINDOWS\SYSTEM32\DNSAPI.dll

VM Arguments:
jvm_args: -Xmx1536m -Dfile.encoding=GBK -Duser.country=CN -Duser.language=zh -Duser.variant 
java_command: org.gradle.launcher.daemon.bootstrap.GradleDaemon 4.10.1
java_class_path (initial): D:\wrapper\dists\gradle-4.10.1-all\455itskqi2qtf0v2sja68alqd\gradle-4.10.1\lib\gradle-launcher-4.10.1.jar
Launcher Type: SUN_STANDARD

Environment Variables:
PATH=C:\Program Files (x86)\NetSarang\Xmanager 6\;D:\xshell\;C:\WINDOWS\system32;C:\WINDOWS;C:\WINDOWS\System32\Wbem;C:\WINDOWS\System32\WindowsPowerShell\v1.0\;C:\WINDOWS\System32\OpenSSH\;C:\Program Files\Common Files\Autodesk Shared\;C:\Program Files (x86)\Autodesk\Backburner\;C:\Program Files\Microsoft SQL Server\130\Tools\Binn\;C:\MinGW\bin\;C:\Users\Administrator\AppData\Local\Programs\Python\Python35\Scripts\;C:\Users\Administrator\AppData\Local\Programs\Python\Python35\;C:\Users\Administrator\AppData\Local\Microsoft\WindowsApps;C:\Users\Administrator\AppData\Local\atom\bin;C:\Users\Administrator\AppData\Local\Microsoft\WindowsApps;C:\texlive\2019\bin\win32;D:\vina;
USERNAME=Administrator
OS=Windows_NT
PROCESSOR_IDENTIFIER=Intel64 Family 6 Model 69 Stepping 1, GenuineIntel



---------------  S Y S T E M  ---------------

OS: Windows 10.0 , 64 bit Build 18362 (10.0.18362.778)

CPU:total 4 (initial active 4) (2 cores per cpu, 2 threads per core) family 6 model 69 stepping 1, cmov, cx8, fxsr, mmx, sse, sse2, sse3, ssse3, sse4.1, sse4.2, popcnt, avx, avx2, aes, clmul, erms, lzcnt, ht, tsc, tscinvbit, bmi1, bmi2

Memory: 4k page, physical 4072408k(259484k free), swap 11936980k(2404k free)

vm_info: OpenJDK 64-Bit Server VM (25.242-b01) for windows-amd64 JRE (1.8.0_242-release-1644-b01), built by "builder" with MS VC++ 10.0 (VS2010)

time: Fri Jun 12 13:33:07 2020
timezone: 中国标准时间
elapsed time: 27 seconds (0d 0h 0m 27s)

