#
# There is insufficient memory for the Java Runtime Environment to continue.
# Native memory allocation (malloc) failed to allocate 496176 bytes for Chunk::new
# Possible reasons:
#   The system is out of physical RAM or swap space
#   The process is running with CompressedOops enabled, and the Java Heap may be blocking the growth of the native heap
# Possible solutions:
#   Reduce memory load on the system
#   Increase physical memory or swap space
#   Check if swap backing store is full
#   Decrease Java heap size (-Xmx/-Xms)
#   Decrease number of Java threads
#   Decrease Java thread stack sizes (-Xss)
#   Set larger code cache with -XX:ReservedCodeCacheSize=
#   JVM is running with Unscaled Compressed Oops mode in which the Java heap is
#     placed in the first 4GB address space. The Java Heap base address is the
#     maximum limit for the native heap growth. Please use -XX:HeapBaseMinAddress
#     to set the Java Heap base and to place the Java Heap above 4GB virtual address.
# This output file may be truncated or incomplete.
#
#  Out of Memory Error (allocation.cpp:389), pid=7920, tid=0x00000000000055a8
#
# JRE version: OpenJDK Runtime Environment (8.0_242-b01) (build 1.8.0_242-release-1644-b01)
# Java VM: OpenJDK 64-Bit Server VM (25.242-b01 mixed mode windows-amd64 compressed oops)
# Failed to write core dump. Minidumps are not enabled by default on client versions of Windows
#

---------------  T H R E A D  ---------------

Current thread (0x0000000016048800):  JavaThread "C2 CompilerThread0" daemon [_thread_in_native, id=21928, stack(0x00000000179a0000,0x0000000017aa0000)]

Stack: [0x00000000179a0000,0x0000000017aa0000]
[error occurred during error reporting (printing stack bounds), id 0xc0000005]

Native frames: (J=compiled Java code, j=interpreted, Vv=VM code, C=native code)


Current CompileTask:
C2:  36152 1452   !   4       java.net.URLClassLoader$1::run (63 bytes)


---------------  P R O C E S S  ---------------

Java Threads: ( => current thread )
  0x0000000018897000 JavaThread "Stdin handler" [_thread_blocked, id=24936, stack(0x000000001a240000,0x000000001a340000)]
  0x0000000018895800 JavaThread "Asynchronous log dispatcher for DefaultDaemonConnection: socket connection from /127.0.0.1:64731 to /127.0.0.1:64732" [_thread_blocked, id=22008, stack(0x000000001a140000,0x000000001a240000)]
  0x0000000018398800 JavaThread "Daemon worker" [_thread_in_native, id=17996, stack(0x000000001a040000,0x000000001a140000)]
  0x00000000188a1000 JavaThread "Cancel handler" [_thread_blocked, id=24868, stack(0x0000000019f40000,0x000000001a040000)]
  0x000000001821a800 JavaThread "Handler for socket connection from /127.0.0.1:64731 to /127.0.0.1:64732" [_thread_in_native, id=18088, stack(0x0000000019c40000,0x0000000019d40000)]
  0x0000000018219800 JavaThread "Daemon" [_thread_blocked, id=12824, stack(0x0000000019b40000,0x0000000019c40000)]
  0x00000000184fe000 JavaThread "Daemon periodic checks" [_thread_in_native, id=12784, stack(0x0000000019a40000,0x0000000019b40000)]
  0x0000000017571800 JavaThread "Incoming local TCP Connector on port 64731" [_thread_in_native, id=12008, stack(0x0000000019890000,0x0000000019990000)]
  0x000000001742d800 JavaThread "Service Thread" daemon [_thread_blocked, id=15240, stack(0x0000000017ca0000,0x0000000017da0000)]
  0x00000000173dd000 JavaThread "C1 CompilerThread2" daemon [_thread_blocked, id=2180, stack(0x0000000017ba0000,0x0000000017ca0000)]
  0x000000001604c000 JavaThread "C2 CompilerThread1" daemon [_thread_in_native, id=20536, stack(0x0000000017aa0000,0x0000000017ba0000)]
=>0x0000000016048800 JavaThread "C2 CompilerThread0" daemon [_thread_in_native, id=21928, stack(0x00000000179a0000,0x0000000017aa0000)]
  0x0000000015ffd800 JavaThread "Attach Listener" daemon [_thread_blocked, id=19380, stack(0x00000000178a0000,0x00000000179a0000)]
  0x00000000173a8800 JavaThread "Signal Dispatcher" daemon [_thread_blocked, id=14848, stack(0x00000000177a0000,0x00000000178a0000)]
  0x000000000267a000 JavaThread "Finalizer" daemon [_thread_blocked, id=12208, stack(0x0000000017240000,0x0000000017340000)]
  0x0000000002671000 JavaThread "Reference Handler" daemon [_thread_blocked, id=17028, stack(0x0000000017140000,0x0000000017240000)]
  0x000000000257d800 JavaThread "main" [_thread_blocked, id=19348, stack(0x0000000002460000,0x0000000002560000)]

Other Threads:
  0x0000000015fb6800 VMThread [stack: 0x0000000017040000,0x0000000017140000] [id=22712]
  0x000000001742e000 WatcherThread [stack: 0x0000000017da0000,0x0000000017ea0000] [id=7884]

VM state:not at safepoint (normal execution)

VM Mutex/Monitor currently owned by a thread: None

heap address: 0x00000000a0000000, size: 1536 MB, Compressed Oops mode: 32-bit
Narrow klass base: 0x0000000000000000, Narrow klass shift: 3
Compressed class space size: 1073741824 Address: 0x0000000100000000

Heap:
 PSYoungGen      total 35328K, used 9595K [0x00000000e0000000, 0x00000000e2500000, 0x0000000100000000)
  eden space 32768K, 21% used [0x00000000e0000000,0x00000000e06e4d30,0x00000000e2000000)
  from space 2560K, 99% used [0x00000000e2000000,0x00000000e227a040,0x00000000e2280000)
  to   space 2560K, 0% used [0x00000000e2280000,0x00000000e2280000,0x00000000e2500000)
 ParOldGen       total 44032K, used 7513K [0x00000000a0000000, 0x00000000a2b00000, 0x00000000e0000000)
  object space 44032K, 17% used [0x00000000a0000000,0x00000000a0756680,0x00000000a2b00000)
 Metaspace       used 14052K, capacity 14460K, committed 14720K, reserved 1062912K
  class space    used 1967K, capacity 2100K, committed 2176K, reserved 1048576K

Card table byte_map: [0x0000000011a40000,0x0000000011d50000] byte_map_base: 0x0000000011540000

Marking Bits: (ParMarkBitMap*) 0x000000005f3bf030
 Begin Bits: [0x0000000012350000, 0x0000000013b50000)
 End Bits:   [0x0000000013b50000, 0x0000000015350000)

Polling page: 0x0000000000500000

CodeCache: size=245760Kb used=4676Kb max_used=4862Kb free=241083Kb
 bounds [0x0000000002680000, 0x0000000002b50000, 0x0000000011680000]
 total_blobs=1708 nmethods=1338 adapters=283
 compilation: enabled

Compilation events (10 events):
Event: 35.678 Thread 0x00000000173dd000 1457       3       org.gradle.initialization.MixInLegacyTypesClassLoader::shouldTransform (42 bytes)
Event: 35.680 Thread 0x00000000173dd000 nmethod 1457 0x000000000282d090 code [0x000000000282d220, 0x000000000282d678]
Event: 35.775 Thread 0x00000000173dd000 1459       3       java.lang.invoke.LambdaForm::signatureArity (28 bytes)
Event: 35.776 Thread 0x00000000173dd000 nmethod 1459 0x000000000282cb50 code [0x000000000282ccc0, 0x000000000282cfa8]
Event: 35.843 Thread 0x00000000173dd000 1460       1       org.gradle.internal.service.AbstractServiceMethod::getParameterTypes (5 bytes)
Event: 35.843 Thread 0x00000000173dd000 nmethod 1460 0x00000000028b9350 code [0x00000000028b94a0, 0x00000000028b95b0]
Event: 36.001 Thread 0x00000000173dd000 1461       3       java.io.OutputStream::<init> (5 bytes)
Event: 36.001 Thread 0x00000000173dd000 nmethod 1461 0x00000000027b1a50 code [0x00000000027b1bc0, 0x00000000027b1d70]
Event: 36.002 Thread 0x00000000173dd000 1462       3       sun.misc.ProxyGenerator::dotToSlash (9 bytes)
Event: 36.002 Thread 0x00000000173dd000 nmethod 1462 0x0000000002820e50 code [0x0000000002820fc0, 0x00000000028211c8]

GC Heap History (10 events):
Event: 3.704 GC heap before
{Heap before GC invocations=1 (full 0):
 PSYoungGen      total 18944K, used 16384K [0x00000000e0000000, 0x00000000e1500000, 0x0000000100000000)
  eden space 16384K, 100% used [0x00000000e0000000,0x00000000e1000000,0x00000000e1000000)
  from space 2560K, 0% used [0x00000000e1280000,0x00000000e1280000,0x00000000e1500000)
  to   space 2560K, 0% used [0x00000000e1000000,0x00000000e1000000,0x00000000e1280000)
 ParOldGen       total 44032K, used 0K [0x00000000a0000000, 0x00000000a2b00000, 0x00000000e0000000)
  object space 44032K, 0% used [0x00000000a0000000,0x00000000a0000000,0x00000000a2b00000)
 Metaspace       used 6429K, capacity 6570K, committed 6784K, reserved 1056768K
  class space    used 776K, capacity 814K, committed 896K, reserved 1048576K
Event: 3.727 GC heap after
Heap after GC invocations=1 (full 0):
 PSYoungGen      total 18944K, used 2543K [0x00000000e0000000, 0x00000000e1500000, 0x0000000100000000)
  eden space 16384K, 0% used [0x00000000e0000000,0x00000000e0000000,0x00000000e1000000)
  from space 2560K, 99% used [0x00000000e1000000,0x00000000e127bd30,0x00000000e1280000)
  to   space 2560K, 0% used [0x00000000e1280000,0x00000000e1280000,0x00000000e1500000)
 ParOldGen       total 44032K, used 537K [0x00000000a0000000, 0x00000000a2b00000, 0x00000000e0000000)
  object space 44032K, 1% used [0x00000000a0000000,0x00000000a0086408,0x00000000a2b00000)
 Metaspace       used 6429K, capacity 6570K, committed 6784K, reserved 1056768K
  class space    used 776K, capacity 814K, committed 896K, reserved 1048576K
}
Event: 4.942 GC heap before
{Heap before GC invocations=2 (full 0):
 PSYoungGen      total 18944K, used 18927K [0x00000000e0000000, 0x00000000e1500000, 0x0000000100000000)
  eden space 16384K, 100% used [0x00000000e0000000,0x00000000e1000000,0x00000000e1000000)
  from space 2560K, 99% used [0x00000000e1000000,0x00000000e127bd30,0x00000000e1280000)
  to   space 2560K, 0% used [0x00000000e1280000,0x00000000e1280000,0x00000000e1500000)
 ParOldGen       total 44032K, used 537K [0x00000000a0000000, 0x00000000a2b00000, 0x00000000e0000000)
  object space 44032K, 1% used [0x00000000a0000000,0x00000000a0086408,0x00000000a2b00000)
 Metaspace       used 7043K, capacity 7242K, committed 7424K, reserved 1056768K
  class space    used 849K, capacity 910K, committed 1024K, reserved 1048576K
Event: 4.983 GC heap after
Heap after GC invocations=2 (full 0):
 PSYoungGen      total 18944K, used 2552K [0x00000000e0000000, 0x00000000e2500000, 0x0000000100000000)
  eden space 16384K, 0% used [0x00000000e0000000,0x00000000e0000000,0x00000000e1000000)
  from space 2560K, 99% used [0x00000000e1280000,0x00000000e14fe030,0x00000000e1500000)
  to   space 2560K, 0% used [0x00000000e1000000,0x00000000e1000000,0x00000000e1280000)
 ParOldGen       total 44032K, used 979K [0x00000000a0000000, 0x00000000a2b00000, 0x00000000e0000000)
  object space 44032K, 2% used [0x00000000a0000000,0x00000000a00f4d30,0x00000000a2b00000)
 Metaspace       used 7043K, capacity 7242K, committed 7424K, reserved 1056768K
  class space    used 849K, capacity 910K, committed 1024K, reserved 1048576K
}
Event: 6.079 GC heap before
{Heap before GC invocations=3 (full 0):
 PSYoungGen      total 18944K, used 18936K [0x00000000e0000000, 0x00000000e2500000, 0x0000000100000000)
  eden space 16384K, 100% used [0x00000000e0000000,0x00000000e1000000,0x00000000e1000000)
  from space 2560K, 99% used [0x00000000e1280000,0x00000000e14fe030,0x00000000e1500000)
  to   space 2560K, 0% used [0x00000000e1000000,0x00000000e1000000,0x00000000e1280000)
 ParOldGen       total 44032K, used 979K [0x00000000a0000000, 0x00000000a2b00000, 0x00000000e0000000)
  object space 44032K, 2% used [0x00000000a0000000,0x00000000a00f4d30,0x00000000a2b00000)
 Metaspace       used 7241K, capacity 7428K, committed 7680K, reserved 1056768K
  class space    used 884K, capacity 951K, committed 1024K, reserved 1048576K
Event: 6.107 GC heap after
Heap after GC invocations=3 (full 0):
 PSYoungGen      total 18944K, used 2536K [0x00000000e0000000, 0x00000000e2500000, 0x0000000100000000)
  eden space 16384K, 0% used [0x00000000e0000000,0x00000000e0000000,0x00000000e1000000)
  from space 2560K, 99% used [0x00000000e1000000,0x00000000e127a020,0x00000000e1280000)
  to   space 2560K, 0% used [0x00000000e2280000,0x00000000e2280000,0x00000000e2500000)
 ParOldGen       total 44032K, used 1557K [0x00000000a0000000, 0x00000000a2b00000, 0x00000000e0000000)
  object space 44032K, 3% used [0x00000000a0000000,0x00000000a0185468,0x00000000a2b00000)
 Metaspace       used 7241K, capacity 7428K, committed 7680K, reserved 1056768K
  class space    used 884K, capacity 951K, committed 1024K, reserved 1048576K
}
Event: 7.187 GC heap before
{Heap before GC invocations=4 (full 0):
 PSYoungGen      total 18944K, used 18920K [0x00000000e0000000, 0x00000000e2500000, 0x0000000100000000)
  eden space 16384K, 100% used [0x00000000e0000000,0x00000000e1000000,0x00000000e1000000)
  from space 2560K, 99% used [0x00000000e1000000,0x00000000e127a020,0x00000000e1280000)
  to   space 2560K, 0% used [0x00000000e2280000,0x00000000e2280000,0x00000000e2500000)
 ParOldGen       total 44032K, used 1557K [0x00000000a0000000, 0x00000000a2b00000, 0x00000000e0000000)
  object space 44032K, 3% used [0x00000000a0000000,0x00000000a0185468,0x00000000a2b00000)
 Metaspace       used 9523K, capacity 9818K, committed 10112K, reserved 1058816K
  class space    used 1262K, capacity 1361K, committed 1408K, reserved 1048576K
Event: 7.198 GC heap after
Heap after GC invocations=4 (full 0):
 PSYoungGen      total 35328K, used 2552K [0x00000000e0000000, 0x00000000e2500000, 0x0000000100000000)
  eden space 32768K, 0% used [0x00000000e0000000,0x00000000e0000000,0x00000000e2000000)
  from space 2560K, 99% used [0x00000000e2280000,0x00000000e24fe050,0x00000000e2500000)
  to   space 2560K, 0% used [0x00000000e2000000,0x00000000e2000000,0x00000000e2280000)
 ParOldGen       total 44032K, used 3530K [0x00000000a0000000, 0x00000000a2b00000, 0x00000000e0000000)
  object space 44032K, 8% used [0x00000000a0000000,0x00000000a0372800,0x00000000a2b00000)
 Metaspace       used 9523K, capacity 9818K, committed 10112K, reserved 1058816K
  class space    used 1262K, capacity 1361K, committed 1408K, reserved 1048576K
}
Event: 35.372 GC heap before
{Heap before GC invocations=5 (full 0):
 PSYoungGen      total 35328K, used 35320K [0x00000000e0000000, 0x00000000e2500000, 0x0000000100000000)
  eden space 32768K, 100% used [0x00000000e0000000,0x00000000e2000000,0x00000000e2000000)
  from space 2560K, 99% used [0x00000000e2280000,0x00000000e24fe050,0x00000000e2500000)
  to   space 2560K, 0% used [0x00000000e2000000,0x00000000e2000000,0x00000000e2280000)
 ParOldGen       total 44032K, used 3530K [0x00000000a0000000, 0x00000000a2b00000, 0x00000000e0000000)
  object space 44032K, 8% used [0x00000000a0000000,0x00000000a0372800,0x00000000a2b00000)
 Metaspace       used 13777K, capacity 14170K, committed 14464K, reserved 1060864K
  class space    used 1912K, capacity 2067K, committed 2176K, reserved 1048576K
Event: 35.405 GC heap after
Heap after GC invocations=5 (full 0):
 PSYoungGen      total 35328K, used 2536K [0x00000000e0000000, 0x00000000e2500000, 0x0000000100000000)
  eden space 32768K, 0% used [0x00000000e0000000,0x00000000e0000000,0x00000000e2000000)
  from space 2560K, 99% used [0x00000000e2000000,0x00000000e227a040,0x00000000e2280000)
  to   space 2560K, 0% used [0x00000000e2280000,0x00000000e2280000,0x00000000e2500000)
 ParOldGen       total 44032K, used 7513K [0x00000000a0000000, 0x00000000a2b00000, 0x00000000e0000000)
  object space 44032K, 17% used [0x00000000a0000000,0x00000000a0756680,0x00000000a2b00000)
 Metaspace       used 13777K, capacity 14170K, committed 14464K, reserved 1060864K
  class space    used 1912K, capacity 2067K, committed 2176K, reserved 1048576K
}

Deoptimization events (10 events):
Event: 2.702 Thread 0x000000000257d800 Uncommon trap: reason=unstable_if action=reinterpret pc=0x000000000285dc48 method=sun.misc.MetaIndex.mayContain(Ljava/lang/String;)Z @ 38
Event: 3.881 Thread 0x000000000257d800 Uncommon trap: reason=unstable_if action=reinterpret pc=0x00000000028ef388 method=java.util.jar.Manifest$FastInputStream.readLine([BII)I @ 87
Event: 6.452 Thread 0x000000000257d800 Uncommon trap: reason=class_check action=maybe_recompile pc=0x0000000002959f58 method=java.util.regex.Matcher.match(II)Z @ 86
Event: 7.066 Thread 0x000000000257d800 Uncommon trap: reason=unstable_if action=reinterpret pc=0x0000000002917674 method=java.util.HashMap.getNode(ILjava/lang/Object;)Ljava/util/HashMap$Node; @ 129
Event: 7.066 Thread 0x000000000257d800 Uncommon trap: reason=bimorphic action=maybe_recompile pc=0x000000000292a8f0 method=java.util.HashMap.putVal(ILjava/lang/Object;Ljava/lang/Object;ZZ)Ljava/lang/Object; @ 203
Event: 32.132 Thread 0x000000001821a800 Uncommon trap: reason=unstable_if action=reinterpret pc=0x0000000002ae3570 method=java.util.concurrent.ConcurrentHashMap.putVal(Ljava/lang/Object;Ljava/lang/Object;Z)Ljava/lang/Object; @ 206
Event: 32.485 Thread 0x0000000018398800 Uncommon trap: reason=unstable_if action=reinterpret pc=0x0000000002ac1b18 method=sun.nio.cs.ext.DoubleByte$Encoder.encodeArrayLoop(Ljava/nio/CharBuffer;Ljava/nio/ByteBuffer;)Ljava/nio/charset/CoderResult; @ 218
Event: 32.577 Thread 0x0000000018398800 Uncommon trap: reason=bimorphic action=maybe_recompile pc=0x00000000029295a4 method=java.util.HashMap.putVal(ILjava/lang/Object;Ljava/lang/Object;ZZ)Ljava/lang/Object; @ 253
Event: 32.578 Thread 0x0000000018398800 Uncommon trap: reason=bimorphic action=maybe_recompile pc=0x00000000029295a4 method=java.util.HashMap.putVal(ILjava/lang/Object;Ljava/lang/Object;ZZ)Ljava/lang/Object; @ 253
Event: 32.578 Thread 0x0000000018398800 Uncommon trap: reason=bimorphic action=maybe_recompile pc=0x00000000029295a4 method=java.util.HashMap.putVal(ILjava/lang/Object;Ljava/lang/Object;ZZ)Ljava/lang/Object; @ 253

Classes redefined (0 events):
No events

Internal exceptions (10 events):
Event: 32.180 Thread 0x000000001821a800 Exception <a 'java/lang/NoSuchMethodError': <clinit>> (0x00000000e0655338) thrown at [C:\src\AOSP-openjdk-git\hotspot\src\share\vm\prims\jni.cpp, line 1615]
Event: 32.185 Thread 0x000000001821a800 Exception <a 'java/lang/NoSuchMethodError': <clinit>> (0x00000000e0660610) thrown at [C:\src\AOSP-openjdk-git\hotspot\src\share\vm\prims\jni.cpp, line 1615]
Event: 32.187 Thread 0x000000001821a800 Exception <a 'java/lang/NoSuchMethodError': <clinit>> (0x00000000e06699e8) thrown at [C:\src\AOSP-openjdk-git\hotspot\src\share\vm\prims\jni.cpp, line 1615]
Event: 32.218 Thread 0x000000001821a800 Exception <a 'java/lang/NoSuchMethodError': <clinit>> (0x00000000e0690510) thrown at [C:\src\AOSP-openjdk-git\hotspot\src\share\vm\prims\jni.cpp, line 1615]
Event: 32.238 Thread 0x000000001821a800 Exception <a 'java/lang/NoSuchMethodError': <clinit>> (0x00000000e06a7fd0) thrown at [C:\src\AOSP-openjdk-git\hotspot\src\share\vm\prims\jni.cpp, line 1615]
Event: 32.246 Thread 0x000000001821a800 Exception <a 'java/lang/NoSuchMethodError': <clinit>> (0x00000000e06b0b70) thrown at [C:\src\AOSP-openjdk-git\hotspot\src\share\vm\prims\jni.cpp, line 1615]
Event: 32.262 Thread 0x000000001821a800 Exception <a 'java/lang/NoSuchMethodError': <clinit>> (0x00000000e06c69f0) thrown at [C:\src\AOSP-openjdk-git\hotspot\src\share\vm\prims\jni.cpp, line 1615]
Event: 32.311 Thread 0x000000001821a800 Exception <a 'java/lang/NoSuchMethodError': <clinit>> (0x00000000e072b1b0) thrown at [C:\src\AOSP-openjdk-git\hotspot\src\share\vm\prims\jni.cpp, line 1615]
Event: 32.335 Thread 0x000000001821a800 Exception <a 'java/lang/NoSuchMethodError': <clinit>> (0x00000000e0756e70) thrown at [C:\src\AOSP-openjdk-git\hotspot\src\share\vm\prims\jni.cpp, line 1615]
Event: 32.356 Thread 0x000000001821a800 Exception <a 'java/lang/NoSuchMethodError': <clinit>> (0x00000000e0774240) thrown at [C:\src\AOSP-openjdk-git\hotspot\src\share\vm\prims\jni.cpp, line 1615]

Events (10 events):
Event: 35.966 loading class org/gradle/api/internal/tasks/execution/statistics/TaskExecutionStatisticsListener done
Event: 35.999 loading class org/gradle/api/internal/tasks/execution/statistics/TaskExecutionStatistics
Event: 35.999 loading class org/gradle/api/internal/tasks/execution/statistics/TaskExecutionStatistics done
Event: 36.001 Thread 0x00000000173dd000 flushing nmethod 0x0000000002835450
Event: 36.002 Thread 0x00000000173dd000 flushing nmethod 0x0000000002881290
Event: 36.002 Thread 0x00000000173dd000 flushing nmethod 0x0000000002887090
Event: 36.009 loading class org/gradle/internal/buildevents/TaskExecutionStatisticsReporter
Event: 36.009 loading class org/gradle/internal/buildevents/TaskExecutionStatisticsReporter done
Event: 36.010 loading class org/gradle/profile/ProfileListener
Event: 36.010 loading class org/gradle/profile/ProfileListener done


Dynamic libraries:
0x00007ff69eb50000 - 0x00007ff69eb81000 	D:\android studio\jre\bin\java.exe
0x00007ffbdcfc0000 - 0x00007ffbdd1b0000 	C:\WINDOWS\SYSTEM32\ntdll.dll
0x00007ffbdce50000 - 0x00007ffbdcf02000 	C:\WINDOWS\System32\KERNEL32.DLL
0x00007ffbd9fe0000 - 0x00007ffbda284000 	C:\WINDOWS\System32\KERNELBASE.dll
0x00007ffbdc5e0000 - 0x00007ffbdc683000 	C:\WINDOWS\System32\ADVAPI32.dll
0x00007ffbdb3b0000 - 0x00007ffbdb44e000 	C:\WINDOWS\System32\msvcrt.dll
0x00007ffbdc190000 - 0x00007ffbdc227000 	C:\WINDOWS\System32\sechost.dll
0x00007ffbdc770000 - 0x00007ffbdc890000 	C:\WINDOWS\System32\RPCRT4.dll
0x00007ffbdccb0000 - 0x00007ffbdce44000 	C:\WINDOWS\System32\USER32.dll
0x00007ffbda530000 - 0x00007ffbda551000 	C:\WINDOWS\System32\win32u.dll
0x00007ffbdcc80000 - 0x00007ffbdcca6000 	C:\WINDOWS\System32\GDI32.dll
0x00007ffbdaed0000 - 0x00007ffbdb064000 	C:\WINDOWS\System32\gdi32full.dll
0x00007ffbdad80000 - 0x00007ffbdae1e000 	C:\WINDOWS\System32\msvcp_win.dll
0x00007ffbda290000 - 0x00007ffbda38a000 	C:\WINDOWS\System32\ucrtbase.dll
0x00007ffbca940000 - 0x00007ffbcabc4000 	C:\WINDOWS\WinSxS\amd64_microsoft.windows.common-controls_6595b64144ccf1df_6.0.18362.836_none_e6c4b943130f18ed\COMCTL32.dll
0x00007ffbdb070000 - 0x00007ffbdb3a6000 	C:\WINDOWS\System32\combase.dll
0x00007ffbda580000 - 0x00007ffbda600000 	C:\WINDOWS\System32\bcryptPrimitives.dll
0x00007ffbdbbd0000 - 0x00007ffbdbbfe000 	C:\WINDOWS\System32\IMM32.DLL
0x000000005eb10000 - 0x000000005ebe2000 	D:\android studio\jre\jre\bin\msvcr100.dll
0x000000005ebf0000 - 0x000000005f43b000 	D:\android studio\jre\jre\bin\server\jvm.dll
0x00007ffbdcf70000 - 0x00007ffbdcf78000 	C:\WINDOWS\System32\PSAPI.DLL
0x00007ffbc0240000 - 0x00007ffbc0249000 	C:\WINDOWS\SYSTEM32\WSOCK32.dll
0x00007ffbd7f10000 - 0x00007ffbd7f34000 	C:\WINDOWS\SYSTEM32\WINMM.dll
0x00007ffbd7db0000 - 0x00007ffbd7ddd000 	C:\WINDOWS\SYSTEM32\WINMMBASE.dll
0x00007ffbccac0000 - 0x00007ffbccaca000 	C:\WINDOWS\SYSTEM32\VERSION.dll
0x00007ffbda4e0000 - 0x00007ffbda52a000 	C:\WINDOWS\System32\cfgmgr32.dll
0x00007ffbdbc00000 - 0x00007ffbdbc6f000 	C:\WINDOWS\System32\WS2_32.dll
0x00007ffbd5db0000 - 0x00007ffbd5dbf000 	D:\android studio\jre\jre\bin\verify.dll
0x00007ffbc9d60000 - 0x00007ffbc9d89000 	D:\android studio\jre\jre\bin\java.dll
0x00007ffbcb710000 - 0x00007ffbcb726000 	D:\android studio\jre\jre\bin\zip.dll
0x00007ffbdb470000 - 0x00007ffbdbb54000 	C:\WINDOWS\System32\SHELL32.dll
0x00007ffbdc3f0000 - 0x00007ffbdc499000 	C:\WINDOWS\System32\shcore.dll
0x00007ffbda600000 - 0x00007ffbdad7e000 	C:\WINDOWS\System32\windows.storage.dll
0x00007ffbd9f20000 - 0x00007ffbd9f43000 	C:\WINDOWS\System32\profapi.dll
0x00007ffbd9ed0000 - 0x00007ffbd9f1a000 	C:\WINDOWS\System32\powrprof.dll
0x00007ffbd9e80000 - 0x00007ffbd9e90000 	C:\WINDOWS\System32\UMPDC.dll
0x00007ffbdbb70000 - 0x00007ffbdbbc2000 	C:\WINDOWS\System32\shlwapi.dll
0x00007ffbd9eb0000 - 0x00007ffbd9ec1000 	C:\WINDOWS\System32\kernel.appcore.dll
0x00007ffbda560000 - 0x00007ffbda577000 	C:\WINDOWS\System32\cryptsp.dll
0x00007ffbcb690000 - 0x00007ffbcb6aa000 	D:\android studio\jre\jre\bin\net.dll
0x00007ffbd96f0000 - 0x00007ffbd9757000 	C:\WINDOWS\system32\mswsock.dll
0x00007ffbcb240000 - 0x00007ffbcb253000 	D:\android studio\jre\jre\bin\nio.dll
0x00007ffbd3410000 - 0x00007ffbd342e000 	D:\native\25\windows-amd64\native-platform.dll
0x00007ffbd4dd0000 - 0x00007ffbd4ddd000 	D:\android studio\jre\jre\bin\management.dll
0x00007ffbd9260000 - 0x00007ffbd9293000 	C:\WINDOWS\system32\rsaenh.dll
0x00007ffbd9fb0000 - 0x00007ffbd9fd6000 	C:\WINDOWS\System32\bcrypt.dll
0x00007ffbd9da0000 - 0x00007ffbd9dc5000 	C:\WINDOWS\SYSTEM32\USERENV.dll
0x00007ffbd98c0000 - 0x00007ffbd98cc000 	C:\WINDOWS\SYSTEM32\CRYPTBASE.dll
0x00007ffbd9400000 - 0x00007ffbd943a000 	C:\WINDOWS\SYSTEM32\IPHLPAPI.DLL
0x00007ffbdbb60000 - 0x00007ffbdbb68000 	C:\WINDOWS\System32\NSI.dll
0x00007ffbd2490000 - 0x00007ffbd24a6000 	C:\WINDOWS\SYSTEM32\dhcpcsvc6.DLL
0x00007ffbd2410000 - 0x00007ffbd242c000 	C:\WINDOWS\SYSTEM32\dhcpcsvc.DLL
0x00007ffbd9440000 - 0x00007ffbd950b000 	C:\WINDOWS\SYSTEM32\DNSAPI.dll

VM Arguments:
jvm_args: -Xmx1536m -Dfile.encoding=GBK -Duser.country=CN -Duser.language=zh -Duser.variant 
java_command: org.gradle.launcher.daemon.bootstrap.GradleDaemon 4.10.1
java_class_path (initial): D:\wrapper\dists\gradle-4.10.1-all\455itskqi2qtf0v2sja68alqd\gradle-4.10.1\lib\gradle-launcher-4.10.1.jar
Launcher Type: SUN_STANDARD

Environment Variables:
PATH=C:\Program Files (x86)\NetSarang\Xmanager 6\;D:\xshell\;C:\WINDOWS\system32;C:\WINDOWS;C:\WINDOWS\System32\Wbem;C:\WINDOWS\System32\WindowsPowerShell\v1.0\;C:\WINDOWS\System32\OpenSSH\;C:\Program Files\Common Files\Autodesk Shared\;C:\Program Files (x86)\Autodesk\Backburner\;C:\Program Files\Microsoft SQL Server\130\Tools\Binn\;C:\MinGW\bin\;C:\Users\Administrator\AppData\Local\Programs\Python\Python35\Scripts\;C:\Users\Administrator\AppData\Local\Programs\Python\Python35\;C:\Users\Administrator\AppData\Local\Microsoft\WindowsApps;C:\Users\Administrator\AppData\Local\atom\bin;C:\Users\Administrator\AppData\Local\Microsoft\WindowsApps;C:\texlive\2019\bin\win32;D:\vina;
USERNAME=Administrator
OS=Windows_NT
PROCESSOR_IDENTIFIER=Intel64 Family 6 Model 69 Stepping 1, GenuineIntel



---------------  S Y S T E M  ---------------

OS: Windows 10.0 , 64 bit Build 18362 (10.0.18362.778)

CPU:total 4 (initial active 4) (2 cores per cpu, 2 threads per core) family 6 model 69 stepping 1, cmov, cx8, fxsr, mmx, sse, sse2, sse3, ssse3, sse4.1, sse4.2, popcnt, avx, avx2, aes, clmul, erms, lzcnt, ht, tsc, tscinvbit, bmi1, bmi2

Memory: 4k page, physical 4072408k(286056k free), swap 11936980k(4328k free)

vm_info: OpenJDK 64-Bit Server VM (25.242-b01) for windows-amd64 JRE (1.8.0_242-release-1644-b01), built by "builder" with MS VC++ 10.0 (VS2010)

time: Fri Jun 12 13:16:33 2020
timezone: 中国标准时间
elapsed time: 36 seconds (0d 0h 0m 36s)

